build/app/intermediates/manifest_merge_blame_file/release/manifest-merger-blame-release-report.txt
1<?xml version="1.0" encoding="utf-8"?>
2<manifest xmlns:android="http://schemas.android.com/apk/res/android"
3    package="com.example.app_admin"
4    android:versionCode="1"
5    android:versionName="1.0.0" >
6
7    <uses-sdk
8        android:minSdkVersion="19"
8-->src\main\AndroidManifest.xml
9        android:targetSdkVersion="33" />
9-->src\main\AndroidManifest.xml
10    <!--
11         Required to query activities that can process text, see:
12         https://developer.android.com/training/package-visibility?hl=en and
13         https://developer.android.com/reference/android/content/Intent#ACTION_PROCESS_TEXT.
14
15         In particular, this is used by the Flutter engine in io.flutter.plugin.text.ProcessTextPlugin.
16    -->
17    <queries>
17-->src\main\AndroidManifest.xml:38:5-43:15
18        <intent>
18-->src\main\AndroidManifest.xml:39:9-42:18
19            <action android:name="android.intent.action.PROCESS_TEXT" />
19-->src\main\AndroidManifest.xml:40:13-72
19-->src\main\AndroidManifest.xml:40:21-70
20
21            <data android:mimeType="text/plain" />
21-->src\main\AndroidManifest.xml:41:13-50
21-->src\main\AndroidManifest.xml:41:19-48
22        </intent>
23        <intent>
23-->[:file_picker] AndroidManifest.xml:14:9-18:18
24            <action android:name="android.intent.action.GET_CONTENT" />
24-->[:file_picker] AndroidManifest.xml:15:13-72
24-->[:file_picker] AndroidManifest.xml:15:21-69
25
26            <data android:mimeType="*/*" />
26-->src\main\AndroidManifest.xml:41:13-50
26-->src\main\AndroidManifest.xml:41:19-48
27        </intent>
28    </queries>
29
30    <uses-permission
30-->[:file_picker] AndroidManifest.xml:9:5-11:38
31        android:name="android.permission.READ_EXTERNAL_STORAGE"
31-->[:file_picker] AndroidManifest.xml:10:9-64
32        android:maxSdkVersion="32" />
32-->[:file_picker] AndroidManifest.xml:11:9-35
33    <uses-permission android:name="android.permission.INTERNET" />
33-->[com.google.firebase:firebase-auth:22.3.1] AndroidManifest.xml:25:5-67
33-->[com.google.firebase:firebase-auth:22.3.1] AndroidManifest.xml:25:22-64
34    <uses-permission android:name="android.permission.ACCESS_NETWORK_STATE" />
34-->[com.google.firebase:firebase-auth:22.3.1] AndroidManifest.xml:26:5-79
34-->[com.google.firebase:firebase-auth:22.3.1] AndroidManifest.xml:26:22-76
35    <uses-permission android:name="android.permission.WAKE_LOCK" />
35-->[com.google.android.gms:play-services-measurement-api:21.6.1] AndroidManifest.xml:24:5-68
35-->[com.google.android.gms:play-services-measurement-api:21.6.1] AndroidManifest.xml:24:22-65
36    <uses-permission android:name="com.google.android.gms.permission.AD_ID" />
36-->[com.google.android.gms:play-services-measurement-api:21.6.1] AndroidManifest.xml:25:5-79
36-->[com.google.android.gms:play-services-measurement-api:21.6.1] AndroidManifest.xml:25:22-76
37    <uses-permission android:name="android.permission.ACCESS_ADSERVICES_ATTRIBUTION" />
37-->[com.google.android.gms:play-services-measurement-api:21.6.1] AndroidManifest.xml:26:5-88
37-->[com.google.android.gms:play-services-measurement-api:21.6.1] AndroidManifest.xml:26:22-85
38    <uses-permission android:name="android.permission.ACCESS_ADSERVICES_AD_ID" />
38-->[com.google.android.gms:play-services-measurement-api:21.6.1] AndroidManifest.xml:27:5-82
38-->[com.google.android.gms:play-services-measurement-api:21.6.1] AndroidManifest.xml:27:22-79
39    <uses-permission android:name="com.google.android.providers.gsf.permission.READ_GSERVICES" />
39-->[com.google.android.recaptcha:recaptcha:18.4.0] AndroidManifest.xml:9:5-98
39-->[com.google.android.recaptcha:recaptcha:18.4.0] AndroidManifest.xml:9:22-95
40    <uses-permission android:name="com.google.android.finsky.permission.BIND_GET_INSTALL_REFERRER_SERVICE" />
40-->[com.google.android.gms:play-services-measurement:21.6.1] AndroidManifest.xml:26:5-110
40-->[com.google.android.gms:play-services-measurement:21.6.1] AndroidManifest.xml:26:22-107
41
42    <permission
42-->[androidx.core:core:1.9.0] AndroidManifest.xml:22:5-24:47
43        android:name="com.example.app_admin.DYNAMIC_RECEIVER_NOT_EXPORTED_PERMISSION"
43-->[androidx.core:core:1.9.0] AndroidManifest.xml:23:9-81
44        android:protectionLevel="signature" />
44-->[androidx.core:core:1.9.0] AndroidManifest.xml:24:9-44
45
46    <uses-permission android:name="com.example.app_admin.DYNAMIC_RECEIVER_NOT_EXPORTED_PERMISSION" />
46-->[androidx.core:core:1.9.0] AndroidManifest.xml:26:5-97
46-->[androidx.core:core:1.9.0] AndroidManifest.xml:26:22-94
47
48    <application
49        android:name="android.app.Application"
49-->src\main\AndroidManifest.xml:4:9-42
50        android:appComponentFactory="androidx.core.app.CoreComponentFactory"
50-->[androidx.core:core:1.9.0] AndroidManifest.xml:28:18-86
51        android:icon="@mipmap/ic_launcher"
51-->src\main\AndroidManifest.xml:5:9-43
52        android:label="app_admin" >
52-->src\main\AndroidManifest.xml:3:9-34
53        <activity
53-->src\main\AndroidManifest.xml:6:9-26:20
54            android:name="com.example.app_admin.MainActivity"
54-->src\main\AndroidManifest.xml:7:13-41
55            android:configChanges="orientation|keyboardHidden|keyboard|screenSize|smallestScreenSize|locale|layoutDirection|fontScale|screenLayout|density|uiMode"
55-->src\main\AndroidManifest.xml:11:13-163
56            android:exported="true"
56-->src\main\AndroidManifest.xml:8:13-36
57            android:hardwareAccelerated="true"
57-->src\main\AndroidManifest.xml:12:13-47
58            android:launchMode="singleTop"
58-->src\main\AndroidManifest.xml:9:13-43
59            android:theme="@style/LaunchTheme"
59-->src\main\AndroidManifest.xml:10:13-47
60            android:windowSoftInputMode="adjustResize" >
60-->src\main\AndroidManifest.xml:13:13-55
61
62            <!--
63                 Specifies an Android theme to apply to this Activity as soon as
64                 the Android process has started. This theme is visible to the user
65                 while the Flutter UI initializes. After that, this theme continues
66                 to determine the Window background behind the Flutter UI.
67            -->
68            <meta-data
68-->src\main\AndroidManifest.xml:18:13-21:17
69                android:name="io.flutter.embedding.android.NormalTheme"
69-->src\main\AndroidManifest.xml:19:15-70
70                android:resource="@style/NormalTheme" />
70-->src\main\AndroidManifest.xml:20:15-52
71
72            <intent-filter>
72-->src\main\AndroidManifest.xml:22:13-25:29
73                <action android:name="android.intent.action.MAIN" />
73-->src\main\AndroidManifest.xml:23:17-68
73-->src\main\AndroidManifest.xml:23:25-66
74
75                <category android:name="android.intent.category.LAUNCHER" />
75-->src\main\AndroidManifest.xml:24:17-76
75-->src\main\AndroidManifest.xml:24:27-74
76            </intent-filter>
77        </activity>
78        <!--
79             Don't delete the meta-data below.
80             This is used by the Flutter tool to generate GeneratedPluginRegistrant.java
81        -->
82        <meta-data
82-->src\main\AndroidManifest.xml:29:9-31:33
83            android:name="flutterEmbedding"
83-->src\main\AndroidManifest.xml:30:13-44
84            android:value="2" />
84-->src\main\AndroidManifest.xml:31:13-30
85
86        <service
86-->[:firebase_auth] AndroidManifest.xml:10:9-14:19
87            android:name="com.google.firebase.components.ComponentDiscoveryService"
87-->[:firebase_auth] AndroidManifest.xml:10:18-89
88            android:directBootAware="true"
88-->[com.google.firebase:firebase-common:20.4.3] AndroidManifest.xml:32:13-43
89            android:exported="false" >
89-->[com.google.firebase:firebase-auth:22.3.1] AndroidManifest.xml:68:13-37
90            <meta-data
90-->[:firebase_auth] AndroidManifest.xml:11:13-13:85
91                android:name="com.google.firebase.components:io.flutter.plugins.firebase.auth.FlutterFirebaseAuthRegistrar"
91-->[:firebase_auth] AndroidManifest.xml:12:17-124
92                android:value="com.google.firebase.components.ComponentRegistrar" />
92-->[:firebase_auth] AndroidManifest.xml:13:17-82
93            <meta-data
93-->[:firebase_storage] AndroidManifest.xml:11:13-13:85
94                android:name="com.google.firebase.components:io.flutter.plugins.firebase.storage.FlutterFirebaseAppRegistrar"
94-->[:firebase_storage] AndroidManifest.xml:12:17-126
95                android:value="com.google.firebase.components.ComponentRegistrar" />
95-->[:firebase_storage] AndroidManifest.xml:13:17-82
96            <meta-data
96-->[:cloud_firestore] AndroidManifest.xml:11:13-13:85
97                android:name="com.google.firebase.components:io.flutter.plugins.firebase.firestore.FlutterFirebaseFirestoreRegistrar"
97-->[:cloud_firestore] AndroidManifest.xml:12:17-134
98                android:value="com.google.firebase.components.ComponentRegistrar" />
98-->[:cloud_firestore] AndroidManifest.xml:13:17-82
99            <meta-data
99-->[:firebase_core] AndroidManifest.xml:11:13-13:85
100                android:name="com.google.firebase.components:io.flutter.plugins.firebase.core.FlutterFirebaseCoreRegistrar"
100-->[:firebase_core] AndroidManifest.xml:12:17-124
101                android:value="com.google.firebase.components.ComponentRegistrar" />
101-->[:firebase_core] AndroidManifest.xml:13:17-82
102            <meta-data
102-->[com.google.firebase:firebase-auth:22.3.1] AndroidManifest.xml:69:13-71:85
103                android:name="com.google.firebase.components:com.google.firebase.auth.FirebaseAuthRegistrar"
103-->[com.google.firebase:firebase-auth:22.3.1] AndroidManifest.xml:70:17-109
104                android:value="com.google.firebase.components.ComponentRegistrar" />
104-->[com.google.firebase:firebase-auth:22.3.1] AndroidManifest.xml:71:17-82
105            <meta-data
105-->[com.google.firebase:firebase-storage:20.3.0] AndroidManifest.xml:30:13-32:85
106                android:name="com.google.firebase.components:com.google.firebase.storage.FirebaseStorageKtxRegistrar"
106-->[com.google.firebase:firebase-storage:20.3.0] AndroidManifest.xml:31:17-118
107                android:value="com.google.firebase.components.ComponentRegistrar" />
107-->[com.google.firebase:firebase-storage:20.3.0] AndroidManifest.xml:32:17-82
108            <meta-data
108-->[com.google.firebase:firebase-storage:20.3.0] AndroidManifest.xml:33:13-35:85
109                android:name="com.google.firebase.components:com.google.firebase.storage.StorageRegistrar"
109-->[com.google.firebase:firebase-storage:20.3.0] AndroidManifest.xml:34:17-107
110                android:value="com.google.firebase.components.ComponentRegistrar" />
110-->[com.google.firebase:firebase-storage:20.3.0] AndroidManifest.xml:35:17-82
111            <meta-data
111-->[com.google.firebase:firebase-firestore:24.11.0] AndroidManifest.xml:17:13-19:85
112                android:name="com.google.firebase.components:com.google.firebase.firestore.FirebaseFirestoreKtxRegistrar"
112-->[com.google.firebase:firebase-firestore:24.11.0] AndroidManifest.xml:18:17-122
113                android:value="com.google.firebase.components.ComponentRegistrar" />
113-->[com.google.firebase:firebase-firestore:24.11.0] AndroidManifest.xml:19:17-82
114            <meta-data
114-->[com.google.firebase:firebase-firestore:24.11.0] AndroidManifest.xml:20:13-22:85
115                android:name="com.google.firebase.components:com.google.firebase.firestore.FirestoreRegistrar"
115-->[com.google.firebase:firebase-firestore:24.11.0] AndroidManifest.xml:21:17-111
116                android:value="com.google.firebase.components.ComponentRegistrar" />
116-->[com.google.firebase:firebase-firestore:24.11.0] AndroidManifest.xml:22:17-82
117            <meta-data
117-->[com.google.android.gms:play-services-measurement-api:21.6.1] AndroidManifest.xml:37:13-39:85
118                android:name="com.google.firebase.components:com.google.firebase.analytics.connector.internal.AnalyticsConnectorRegistrar"
118-->[com.google.android.gms:play-services-measurement-api:21.6.1] AndroidManifest.xml:38:17-139
119                android:value="com.google.firebase.components.ComponentRegistrar" />
119-->[com.google.android.gms:play-services-measurement-api:21.6.1] AndroidManifest.xml:39:17-82
120            <meta-data
120-->[com.google.firebase:firebase-appcheck:17.1.2] AndroidManifest.xml:25:13-27:85
121                android:name="com.google.firebase.components:com.google.firebase.appcheck.FirebaseAppCheckKtxRegistrar"
121-->[com.google.firebase:firebase-appcheck:17.1.2] AndroidManifest.xml:26:17-120
122                android:value="com.google.firebase.components.ComponentRegistrar" />
122-->[com.google.firebase:firebase-appcheck:17.1.2] AndroidManifest.xml:27:17-82
123            <meta-data
123-->[com.google.firebase:firebase-appcheck:17.1.2] AndroidManifest.xml:28:13-30:85
124                android:name="com.google.firebase.components:com.google.firebase.appcheck.FirebaseAppCheckRegistrar"
124-->[com.google.firebase:firebase-appcheck:17.1.2] AndroidManifest.xml:29:17-117
125                android:value="com.google.firebase.components.ComponentRegistrar" />
125-->[com.google.firebase:firebase-appcheck:17.1.2] AndroidManifest.xml:30:17-82
126            <meta-data
126-->[com.google.firebase:firebase-installations:17.2.0] AndroidManifest.xml:15:13-17:85
127                android:name="com.google.firebase.components:com.google.firebase.installations.FirebaseInstallationsKtxRegistrar"
127-->[com.google.firebase:firebase-installations:17.2.0] AndroidManifest.xml:16:17-130
128                android:value="com.google.firebase.components.ComponentRegistrar" />
128-->[com.google.firebase:firebase-installations:17.2.0] AndroidManifest.xml:17:17-82
129            <meta-data
129-->[com.google.firebase:firebase-installations:17.2.0] AndroidManifest.xml:18:13-20:85
130                android:name="com.google.firebase.components:com.google.firebase.installations.FirebaseInstallationsRegistrar"
130-->[com.google.firebase:firebase-installations:17.2.0] AndroidManifest.xml:19:17-127
131                android:value="com.google.firebase.components.ComponentRegistrar" />
131-->[com.google.firebase:firebase-installations:17.2.0] AndroidManifest.xml:20:17-82
132            <meta-data
132-->[com.google.firebase:firebase-common-ktx:20.4.3] AndroidManifest.xml:12:13-14:85
133                android:name="com.google.firebase.components:com.google.firebase.ktx.FirebaseCommonLegacyRegistrar"
133-->[com.google.firebase:firebase-common-ktx:20.4.3] AndroidManifest.xml:13:17-116
134                android:value="com.google.firebase.components.ComponentRegistrar" />
134-->[com.google.firebase:firebase-common-ktx:20.4.3] AndroidManifest.xml:14:17-82
135            <meta-data
135-->[com.google.firebase:firebase-common:20.4.3] AndroidManifest.xml:35:13-37:85
136                android:name="com.google.firebase.components:com.google.firebase.FirebaseCommonKtxRegistrar"
136-->[com.google.firebase:firebase-common:20.4.3] AndroidManifest.xml:36:17-109
137                android:value="com.google.firebase.components.ComponentRegistrar" />
137-->[com.google.firebase:firebase-common:20.4.3] AndroidManifest.xml:37:17-82
138        </service>
139        <service
139-->[:geolocator_android] AndroidManifest.xml:10:9-14:56
140            android:name="com.baseflow.geolocator.GeolocatorLocationService"
140-->[:geolocator_android] AndroidManifest.xml:11:13-77
141            android:enabled="true"
141-->[:geolocator_android] AndroidManifest.xml:12:13-35
142            android:exported="false"
142-->[:geolocator_android] AndroidManifest.xml:13:13-37
143            android:foregroundServiceType="location" />
143-->[:geolocator_android] AndroidManifest.xml:14:13-53
144
145        <activity
145-->[com.google.firebase:firebase-auth:22.3.1] AndroidManifest.xml:29:9-46:20
146            android:name="com.google.firebase.auth.internal.GenericIdpActivity"
146-->[com.google.firebase:firebase-auth:22.3.1] AndroidManifest.xml:30:13-80
147            android:excludeFromRecents="true"
147-->[com.google.firebase:firebase-auth:22.3.1] AndroidManifest.xml:31:13-46
148            android:exported="true"
148-->[com.google.firebase:firebase-auth:22.3.1] AndroidManifest.xml:32:13-36
149            android:launchMode="singleTask"
149-->[com.google.firebase:firebase-auth:22.3.1] AndroidManifest.xml:33:13-44
150            android:theme="@android:style/Theme.Translucent.NoTitleBar" >
150-->[com.google.firebase:firebase-auth:22.3.1] AndroidManifest.xml:34:13-72
151            <intent-filter>
151-->[com.google.firebase:firebase-auth:22.3.1] AndroidManifest.xml:35:13-45:29
152                <action android:name="android.intent.action.VIEW" />
152-->[com.google.firebase:firebase-auth:22.3.1] AndroidManifest.xml:36:17-69
152-->[com.google.firebase:firebase-auth:22.3.1] AndroidManifest.xml:36:25-66
153
154                <category android:name="android.intent.category.DEFAULT" />
154-->[com.google.firebase:firebase-auth:22.3.1] AndroidManifest.xml:38:17-76
154-->[com.google.firebase:firebase-auth:22.3.1] AndroidManifest.xml:38:27-73
155                <category android:name="android.intent.category.BROWSABLE" />
155-->[com.google.firebase:firebase-auth:22.3.1] AndroidManifest.xml:39:17-78
155-->[com.google.firebase:firebase-auth:22.3.1] AndroidManifest.xml:39:27-75
156
157                <data
157-->src\main\AndroidManifest.xml:41:13-50
158                    android:host="firebase.auth"
159                    android:path="/"
160                    android:scheme="genericidp" />
161            </intent-filter>
162        </activity>
163        <activity
163-->[com.google.firebase:firebase-auth:22.3.1] AndroidManifest.xml:47:9-64:20
164            android:name="com.google.firebase.auth.internal.RecaptchaActivity"
164-->[com.google.firebase:firebase-auth:22.3.1] AndroidManifest.xml:48:13-79
165            android:excludeFromRecents="true"
165-->[com.google.firebase:firebase-auth:22.3.1] AndroidManifest.xml:49:13-46
166            android:exported="true"
166-->[com.google.firebase:firebase-auth:22.3.1] AndroidManifest.xml:50:13-36
167            android:launchMode="singleTask"
167-->[com.google.firebase:firebase-auth:22.3.1] AndroidManifest.xml:51:13-44
168            android:theme="@android:style/Theme.Translucent.NoTitleBar" >
168-->[com.google.firebase:firebase-auth:22.3.1] AndroidManifest.xml:52:13-72
169            <intent-filter>
169-->[com.google.firebase:firebase-auth:22.3.1] AndroidManifest.xml:53:13-63:29
170                <action android:name="android.intent.action.VIEW" />
170-->[com.google.firebase:firebase-auth:22.3.1] AndroidManifest.xml:36:17-69
170-->[com.google.firebase:firebase-auth:22.3.1] AndroidManifest.xml:36:25-66
171
172                <category android:name="android.intent.category.DEFAULT" />
172-->[com.google.firebase:firebase-auth:22.3.1] AndroidManifest.xml:38:17-76
172-->[com.google.firebase:firebase-auth:22.3.1] AndroidManifest.xml:38:27-73
173                <category android:name="android.intent.category.BROWSABLE" />
173-->[com.google.firebase:firebase-auth:22.3.1] AndroidManifest.xml:39:17-78
173-->[com.google.firebase:firebase-auth:22.3.1] AndroidManifest.xml:39:27-75
174
175                <data
175-->src\main\AndroidManifest.xml:41:13-50
176                    android:host="firebase.auth"
177                    android:path="/"
178                    android:scheme="recaptcha" />
179            </intent-filter>
180        </activity>
181
182        <property
182-->[com.google.android.gms:play-services-measurement-api:21.6.1] AndroidManifest.xml:30:9-32:61
183            android:name="android.adservices.AD_SERVICES_CONFIG"
183-->[com.google.android.gms:play-services-measurement-api:21.6.1] AndroidManifest.xml:31:13-65
184            android:resource="@xml/ga_ad_services_config" />
184-->[com.google.android.gms:play-services-measurement-api:21.6.1] AndroidManifest.xml:32:13-58
185
186        <provider
186-->[com.google.firebase:firebase-common:20.4.3] AndroidManifest.xml:23:9-28:39
187            android:name="com.google.firebase.provider.FirebaseInitProvider"
187-->[com.google.firebase:firebase-common:20.4.3] AndroidManifest.xml:24:13-77
188            android:authorities="com.example.app_admin.firebaseinitprovider"
188-->[com.google.firebase:firebase-common:20.4.3] AndroidManifest.xml:25:13-72
189            android:directBootAware="true"
189-->[com.google.firebase:firebase-common:20.4.3] AndroidManifest.xml:26:13-43
190            android:exported="false"
190-->[com.google.firebase:firebase-common:20.4.3] AndroidManifest.xml:27:13-37
191            android:initOrder="100" />
191-->[com.google.firebase:firebase-common:20.4.3] AndroidManifest.xml:28:13-36
192
193        <uses-library
193-->[androidx.window:window:1.0.0-beta04] AndroidManifest.xml:25:9-27:40
194            android:name="androidx.window.extensions"
194-->[androidx.window:window:1.0.0-beta04] AndroidManifest.xml:26:13-54
195            android:required="false" />
195-->[androidx.window:window:1.0.0-beta04] AndroidManifest.xml:27:13-37
196        <uses-library
196-->[androidx.window:window:1.0.0-beta04] AndroidManifest.xml:28:9-30:40
197            android:name="androidx.window.sidecar"
197-->[androidx.window:window:1.0.0-beta04] AndroidManifest.xml:29:13-51
198            android:required="false" />
198-->[androidx.window:window:1.0.0-beta04] AndroidManifest.xml:30:13-37
199
200        <receiver
200-->[com.google.android.gms:play-services-measurement:21.6.1] AndroidManifest.xml:29:9-33:20
201            android:name="com.google.android.gms.measurement.AppMeasurementReceiver"
201-->[com.google.android.gms:play-services-measurement:21.6.1] AndroidManifest.xml:30:13-85
202            android:enabled="true"
202-->[com.google.android.gms:play-services-measurement:21.6.1] AndroidManifest.xml:31:13-35
203            android:exported="false" >
203-->[com.google.android.gms:play-services-measurement:21.6.1] AndroidManifest.xml:32:13-37
204        </receiver>
205
206        <service
206-->[com.google.android.gms:play-services-measurement:21.6.1] AndroidManifest.xml:35:9-38:40
207            android:name="com.google.android.gms.measurement.AppMeasurementService"
207-->[com.google.android.gms:play-services-measurement:21.6.1] AndroidManifest.xml:36:13-84
208            android:enabled="true"
208-->[com.google.android.gms:play-services-measurement:21.6.1] AndroidManifest.xml:37:13-35
209            android:exported="false" />
209-->[com.google.android.gms:play-services-measurement:21.6.1] AndroidManifest.xml:38:13-37
210        <service
210-->[com.google.android.gms:play-services-measurement:21.6.1] AndroidManifest.xml:39:9-43:72
211            android:name="com.google.android.gms.measurement.AppMeasurementJobService"
211-->[com.google.android.gms:play-services-measurement:21.6.1] AndroidManifest.xml:40:13-87
212            android:enabled="true"
212-->[com.google.android.gms:play-services-measurement:21.6.1] AndroidManifest.xml:41:13-35
213            android:exported="false"
213-->[com.google.android.gms:play-services-measurement:21.6.1] AndroidManifest.xml:42:13-37
214            android:permission="android.permission.BIND_JOB_SERVICE" />
214-->[com.google.android.gms:play-services-measurement:21.6.1] AndroidManifest.xml:43:13-69
215
216        <uses-library
216-->[androidx.privacysandbox.ads:ads-adservices:1.0.0-beta05] AndroidManifest.xml:23:9-25:40
217            android:name="android.ext.adservices"
217-->[androidx.privacysandbox.ads:ads-adservices:1.0.0-beta05] AndroidManifest.xml:24:13-50
218            android:required="false" />
218-->[androidx.privacysandbox.ads:ads-adservices:1.0.0-beta05] AndroidManifest.xml:25:13-37
219
220        <activity
220-->[com.google.android.gms:play-services-base:18.1.0] AndroidManifest.xml:20:9-22:45
221            android:name="com.google.android.gms.common.api.GoogleApiActivity"
221-->[com.google.android.gms:play-services-base:18.1.0] AndroidManifest.xml:20:19-85
222            android:exported="false"
222-->[com.google.android.gms:play-services-base:18.1.0] AndroidManifest.xml:22:19-43
223            android:theme="@android:style/Theme.Translucent.NoTitleBar" />
223-->[com.google.android.gms:play-services-base:18.1.0] AndroidManifest.xml:21:19-78
224
225        <meta-data
225-->[com.google.android.gms:play-services-basement:18.3.0] AndroidManifest.xml:21:9-23:69
226            android:name="com.google.android.gms.version"
226-->[com.google.android.gms:play-services-basement:18.3.0] AndroidManifest.xml:22:13-58
227            android:value="@integer/google_play_services_version" />
227-->[com.google.android.gms:play-services-basement:18.3.0] AndroidManifest.xml:23:13-66
228    </application>
229
230</manifest>